\BOOKMARK [1][-]{section.1}{Cronograma}{}% 1
\BOOKMARK [2][-]{subsection.1.1}{Gantt Chart}{section.1}% 2
\BOOKMARK [1][-]{section.2}{Kartaview}{}% 3
\BOOKMARK [2][-]{subsection.2.1}{Introdu\347\343o}{section.2}% 4
\BOOKMARK [2][-]{subsection.2.2}{Objetivos}{section.2}% 5
\BOOKMARK [2][-]{subsection.2.3}{Dados e m\351todos}{section.2}% 6
\BOOKMARK [2][-]{subsection.2.4}{Resultados experimentais}{section.2}% 7
\BOOKMARK [3][-]{subsubsection.2.4.1}{Brasil}{subsection.2.4}% 8
\BOOKMARK [3][-]{subsubsection.2.4.2}{Exterior}{subsection.2.4}% 9
\BOOKMARK [2][-]{subsection.2.5}{Discuss\343o}{section.2}% 10
\BOOKMARK [1][-]{section.3}{Modelos de movimentos diversos \(m\341ximo de 4 p\341ginas\)}{}% 11
\BOOKMARK [2][-]{subsection.3.1}{Introdu\347\343o}{section.3}% 12
\BOOKMARK [2][-]{subsection.3.2}{Objetivos}{section.3}% 13
\BOOKMARK [2][-]{subsection.3.3}{Dados e m\351todos}{section.3}% 14
\BOOKMARK [3][-]{subsubsection.3.3.1}{Bloco na rampa}{subsection.3.3}% 15
\BOOKMARK [3][-]{subsubsection.3.3.2}{Movimento circular}{subsection.3.3}% 16
\BOOKMARK [2][-]{subsection.3.4}{Resultados experimentais}{section.3}% 17
\BOOKMARK [3][-]{subsubsection.3.4.1}{Bloco na rampa}{subsection.3.4}% 18
\BOOKMARK [3][-]{subsubsection.3.4.2}{Movimento circular}{subsection.3.4}% 19
\BOOKMARK [2][-]{subsection.3.5}{Discuss\343o}{section.3}% 20
\BOOKMARK [3][-]{subsubsection.3.5.1}{Bloco na rampa}{subsection.3.5}% 21
\BOOKMARK [3][-]{subsubsection.3.5.2}{Movimento circular}{subsection.3.5}% 22
\BOOKMARK [1][-]{section.4}{Aplica\347\343o \(m\341ximo de 4 p\341ginas\)}{}% 23
\BOOKMARK [2][-]{subsection.4.1}{Introdu\347\343o}{section.4}% 24
\BOOKMARK [2][-]{subsection.4.2}{Objetivos}{section.4}% 25
\BOOKMARK [2][-]{subsection.4.3}{Dados e m\351todos}{section.4}% 26
\BOOKMARK [2][-]{subsection.4.4}{Resultados experimentais}{section.4}% 27
\BOOKMARK [2][-]{subsection.4.5}{Discuss\343o}{section.4}% 28
