This is pdfTeX, Version 3.14159265-2.6-1.40.20 (TeX Live 2019/Debian) (preloaded format=pdflatex 2022.3.31)  4 JUL 2022 23:34
entering extended mode
 restricted \write18 enabled.
 %&-line parsing enabled.
**main.tex
(./main.tex
LaTeX2e <2020-02-02> patch level 2
L3 programming layer <2020-02-14>
(/usr/share/texlive/texmf-dist/tex/latex/base/article.cls
Document Class: article 2019/12/20 v1.4l Standard LaTeX document class
(/usr/share/texlive/texmf-dist/tex/latex/base/size10.clo
File: size10.clo 2019/12/20 v1.4l Standard LaTeX file (size option)
)
\c@part=\count167
\c@section=\count168
\c@subsection=\count169
\c@subsubsection=\count170
\c@paragraph=\count171
\c@subparagraph=\count172
\c@figure=\count173
\c@table=\count174
\abovecaptionskip=\skip47
\belowcaptionskip=\skip48
\bibindent=\dimen134
)
(/usr/share/texlive/texmf-dist/tex/generic/babel/babel.sty
Package: babel 2020/02/14 3.40 The Babel package

(/usr/share/texlive/texmf-dist/tex/generic/babel/switch.def
File: switch.def 2020/02/14 3.40 Babel switching mechanism
)

! Package babel Error: Unknown option `portuguese'. Either you misspelled it
(babel)                or the language definition file portuguese.ldf was not f
ound.

See the babel package documentation for explanation.
Type  H <return>  for immediate help.
 ...                                              
                                                  
l.542 \ProcessOptions*
                      
? 
Package babel Info: You haven't specified a language. I'll use 'nil'
(babel)             as the main language. Reported on input line 572.
(/usr/share/texlive/texmf-dist/tex/generic/babel/nil.ldf
Language: nil 2020/02/14 3.40 Nil language

(/usr/share/texlive/texmf-dist/tex/generic/babel/babel.def
File: babel.def 2020/02/14 3.40 Babel common definitions
\babel@savecnt=\count175
\U@D=\dimen135

(/usr/share/texlive/texmf-dist/tex/generic/babel/txtbabel.def)
\bbl@readstream=\read2
\bbl@dirlevel=\count176
)
\l@nil=\language3
))
(/usr/share/texlive/texmf-dist/tex/latex/subfig/subfig.sty
Package: subfig 2005/06/28 ver: 1.3 subfig package

(/usr/share/texlive/texmf-dist/tex/latex/graphics/keyval.sty
Package: keyval 2014/10/28 v1.15 key=value parser (DPC)
\KV@toks@=\toks14
)
(/usr/share/texlive/texmf-dist/tex/latex/caption/caption.sty
Package: caption 2020/01/03 v3.4h Customizing captions (AR)

(/usr/share/texlive/texmf-dist/tex/latex/caption/caption3.sty
Package: caption3 2020/01/03 v1.8h caption3 kernel (AR)
Package caption3 Info: TeX engine: e-TeX on input line 61.
\captionmargin=\dimen136
\captionmargin@=\dimen137
\captionwidth=\dimen138
\caption@tempdima=\dimen139
\caption@indent=\dimen140
\caption@parindent=\dimen141
\caption@hangindent=\dimen142
Package caption Info: Standard document class detected.
)
\c@caption@flags=\count177
\c@continuedfloat=\count178
)
\c@KVtest=\count179
\sf@farskip=\skip49
\sf@captopadj=\dimen143
\sf@capskip=\skip50
\sf@nearskip=\skip51
\c@subfigure=\count180
\c@subfigure@save=\count181
\c@lofdepth=\count182
\c@subtable=\count183
\c@subtable@save=\count184
\c@lotdepth=\count185
\sf@top=\skip52
\sf@bottom=\skip53
)
(/usr/share/texlive/texmf-dist/tex/latex/geometry/geometry.sty
Package: geometry 2020/01/02 v5.9 Page Geometry

(/usr/share/texlive/texmf-dist/tex/generic/iftex/ifvtex.sty
Package: ifvtex 2019/10/25 v1.7 ifvtex legacy package. Use iftex instead.

(/usr/share/texlive/texmf-dist/tex/generic/iftex/iftex.sty
Package: iftex 2019/11/07 v1.0c TeX engine tests
))
\Gm@cnth=\count186
\Gm@cntv=\count187
\c@Gm@tempcnt=\count188
\Gm@bindingoffset=\dimen144
\Gm@wd@mp=\dimen145
\Gm@odd@mp=\dimen146
\Gm@even@mp=\dimen147
\Gm@layoutwidth=\dimen148
\Gm@layoutheight=\dimen149
\Gm@layouthoffset=\dimen150
\Gm@layoutvoffset=\dimen151
\Gm@dimlist=\toks15
)
(/usr/share/texlive/texmf-dist/tex/latex/amsmath/amsmath.sty
Package: amsmath 2020/01/20 v2.17e AMS math features
\@mathmargin=\skip54

For additional information on amsmath, use the `?' option.
(/usr/share/texlive/texmf-dist/tex/latex/amsmath/amstext.sty
Package: amstext 2000/06/29 v2.01 AMS text

(/usr/share/texlive/texmf-dist/tex/latex/amsmath/amsgen.sty
File: amsgen.sty 1999/11/30 v2.0 generic functions
\@emptytoks=\toks16
\ex@=\dimen152
))
(/usr/share/texlive/texmf-dist/tex/latex/amsmath/amsbsy.sty
Package: amsbsy 1999/11/29 v1.2d Bold Symbols
\pmbraise@=\dimen153
)
(/usr/share/texlive/texmf-dist/tex/latex/amsmath/amsopn.sty
Package: amsopn 2016/03/08 v2.02 operator names
)
\inf@bad=\count189
LaTeX Info: Redefining \frac on input line 227.
\uproot@=\count190
\leftroot@=\count191
LaTeX Info: Redefining \overline on input line 389.
\classnum@=\count192
\DOTSCASE@=\count193
LaTeX Info: Redefining \ldots on input line 486.
LaTeX Info: Redefining \dots on input line 489.
LaTeX Info: Redefining \cdots on input line 610.
\Mathstrutbox@=\box45
\strutbox@=\box46
\big@size=\dimen154
LaTeX Font Info:    Redeclaring font encoding OML on input line 733.
LaTeX Font Info:    Redeclaring font encoding OMS on input line 734.
\macc@depth=\count194
\c@MaxMatrixCols=\count195
\dotsspace@=\muskip16
\c@parentequation=\count196
\dspbrk@lvl=\count197
\tag@help=\toks17
\row@=\count198
\column@=\count199
\maxfields@=\count266
\andhelp@=\toks18
\eqnshift@=\dimen155
\alignsep@=\dimen156
\tagshift@=\dimen157
\tagwidth@=\dimen158
\totwidth@=\dimen159
\lineht@=\dimen160
\@envbody=\toks19
\multlinegap=\skip55
\multlinetaggap=\skip56
\mathdisplay@stack=\toks20
LaTeX Info: Redefining \[ on input line 2859.
LaTeX Info: Redefining \] on input line 2860.
)
(/usr/share/texlive/texmf-dist/tex/latex/graphics/graphicx.sty
Package: graphicx 2019/11/30 v1.2a Enhanced LaTeX Graphics (DPC,SPQR)

(/usr/share/texlive/texmf-dist/tex/latex/graphics/graphics.sty
Package: graphics 2019/11/30 v1.4a Standard LaTeX Graphics (DPC,SPQR)

(/usr/share/texlive/texmf-dist/tex/latex/graphics/trig.sty
Package: trig 2016/01/03 v1.10 sin cos tan (DPC)
)
(/usr/share/texlive/texmf-dist/tex/latex/graphics-cfg/graphics.cfg
File: graphics.cfg 2016/06/04 v1.11 sample graphics configuration
)
Package graphics Info: Driver file: pdftex.def on input line 105.

(/usr/share/texlive/texmf-dist/tex/latex/graphics-def/pdftex.def
File: pdftex.def 2018/01/08 v1.0l Graphics/color driver for pdftex
))
\Gin@req@height=\dimen161
\Gin@req@width=\dimen162
)
(/usr/share/texlive/texmf-dist/tex/latex/hyperref/hyperref.sty
Package: hyperref 2020/01/14 v7.00d Hypertext links for LaTeX

(/usr/share/texlive/texmf-dist/tex/generic/ltxcmds/ltxcmds.sty
Package: ltxcmds 2019/12/15 v1.24 LaTeX kernel commands for general use (HO)
)
(/usr/share/texlive/texmf-dist/tex/latex/pdftexcmds/pdftexcmds.sty
Package: pdftexcmds 2019/11/24 v0.31 Utility functions of pdfTeX for LuaTeX (HO
)

(/usr/share/texlive/texmf-dist/tex/generic/infwarerr/infwarerr.sty
Package: infwarerr 2019/12/03 v1.5 Providing info/warning/error messages (HO)
)
Package pdftexcmds Info: \pdf@primitive is available.
Package pdftexcmds Info: \pdf@ifprimitive is available.
Package pdftexcmds Info: \pdfdraftmode found.
)
(/usr/share/texlive/texmf-dist/tex/generic/kvsetkeys/kvsetkeys.sty
Package: kvsetkeys 2019/12/15 v1.18 Key value parser (HO)
)
(/usr/share/texlive/texmf-dist/tex/generic/kvdefinekeys/kvdefinekeys.sty
Package: kvdefinekeys 2019-12-19 v1.6 Define keys (HO)
)
(/usr/share/texlive/texmf-dist/tex/generic/pdfescape/pdfescape.sty
Package: pdfescape 2019/12/09 v1.15 Implements pdfTeX's escape features (HO)
)
(/usr/share/texlive/texmf-dist/tex/latex/hycolor/hycolor.sty
Package: hycolor 2020-01-27 v1.10 Color options for hyperref/bookmark (HO)
)
(/usr/share/texlive/texmf-dist/tex/latex/letltxmacro/letltxmacro.sty
Package: letltxmacro 2019/12/03 v1.6 Let assignment for LaTeX macros (HO)
)
(/usr/share/texlive/texmf-dist/tex/latex/auxhook/auxhook.sty
Package: auxhook 2019-12-17 v1.6 Hooks for auxiliary files (HO)
)
(/usr/share/texlive/texmf-dist/tex/latex/kvoptions/kvoptions.sty
Package: kvoptions 2019/11/29 v3.13 Key value format for package options (HO)
)
\@linkdim=\dimen163
\Hy@linkcounter=\count267
\Hy@pagecounter=\count268

(/usr/share/texlive/texmf-dist/tex/latex/hyperref/pd1enc.def
File: pd1enc.def 2020/01/14 v7.00d Hyperref: PDFDocEncoding definition (HO)
Now handling font encoding PD1 ...
... no UTF-8 mapping file for font encoding PD1
)
(/usr/share/texlive/texmf-dist/tex/generic/intcalc/intcalc.sty
Package: intcalc 2019/12/15 v1.3 Expandable calculations with integers (HO)
)
(/usr/share/texlive/texmf-dist/tex/generic/etexcmds/etexcmds.sty
Package: etexcmds 2019/12/15 v1.7 Avoid name clashes with e-TeX commands (HO)
)
\Hy@SavedSpaceFactor=\count269
\pdfmajorversion=\count270
Package hyperref Info: Option `colorlinks' set `true' on input line 4421.
Package hyperref Info: Hyper figures OFF on input line 4547.
Package hyperref Info: Link nesting OFF on input line 4552.
Package hyperref Info: Hyper index ON on input line 4555.
Package hyperref Info: Plain pages OFF on input line 4562.
Package hyperref Info: Backreferencing OFF on input line 4567.
Package hyperref Info: Implicit mode ON; LaTeX internals redefined.
Package hyperref Info: Bookmarks ON on input line 4800.
\c@Hy@tempcnt=\count271

(/usr/share/texlive/texmf-dist/tex/latex/url/url.sty
\Urlmuskip=\muskip17
Package: url 2013/09/16  ver 3.4  Verb mode for urls, etc.
)
LaTeX Info: Redefining \url on input line 5159.
\XeTeXLinkMargin=\dimen164

(/usr/share/texlive/texmf-dist/tex/generic/bitset/bitset.sty
Package: bitset 2019/12/09 v1.3 Handle bit-vector datatype (HO)

(/usr/share/texlive/texmf-dist/tex/generic/bigintcalc/bigintcalc.sty
Package: bigintcalc 2019/12/15 v1.5 Expandable calculations on big integers (HO
)
))
\Fld@menulength=\count272
\Field@Width=\dimen165
\Fld@charsize=\dimen166
Package hyperref Info: Hyper figures OFF on input line 6430.
Package hyperref Info: Link nesting OFF on input line 6435.
Package hyperref Info: Hyper index ON on input line 6438.
Package hyperref Info: backreferencing OFF on input line 6445.
Package hyperref Info: Link coloring ON on input line 6448.
Package hyperref Info: Link coloring with OCG OFF on input line 6455.
Package hyperref Info: PDF/A mode OFF on input line 6460.
LaTeX Info: Redefining \ref on input line 6500.
LaTeX Info: Redefining \pageref on input line 6504.

(/usr/share/texlive/texmf-dist/tex/generic/atbegshi/atbegshi.sty
Package: atbegshi 2019/12/05 v1.19 At begin shipout hook (HO)
)
\Hy@abspage=\count273
\c@Item=\count274
\c@Hfootnote=\count275
)
Package hyperref Info: Driver (autodetected): hpdftex.

(/usr/share/texlive/texmf-dist/tex/latex/hyperref/hpdftex.def
File: hpdftex.def 2020/01/14 v7.00d Hyperref driver for pdfTeX

(/usr/share/texlive/texmf-dist/tex/latex/atveryend/atveryend.sty
Package: atveryend 2019-12-11 v1.11 Hooks at the very end of document (HO)
Package atveryend Info: \enddocument detected (standard20110627).
)
\Fld@listcount=\count276
\c@bookmark@seq@number=\count277

(/usr/share/texlive/texmf-dist/tex/latex/rerunfilecheck/rerunfilecheck.sty
Package: rerunfilecheck 2019/12/05 v1.9 Rerun checks for auxiliary files (HO)

(/usr/share/texlive/texmf-dist/tex/generic/uniquecounter/uniquecounter.sty
Package: uniquecounter 2019/12/15 v1.4 Provide unlimited unique counter (HO)
)
Package uniquecounter Info: New unique counter `rerunfilecheck' on input line 2
86.
)
\Hy@SectionHShift=\skip57
)
(/usr/share/texlive/texmf-dist/tex/latex/l3backend/l3backend-pdfmode.def
File: l3backend-pdfmode.def 2020-02-03 L3 backend support: PDF mode
\l__kernel_color_stack_int=\count278
\l__pdf_internal_box=\box47
)
(./main.aux)
\openout1 = `main.aux'.

LaTeX Font Info:    Checking defaults for OML/cmm/m/it on input line 28.
LaTeX Font Info:    ... okay on input line 28.
LaTeX Font Info:    Checking defaults for OMS/cmsy/m/n on input line 28.
LaTeX Font Info:    ... okay on input line 28.
LaTeX Font Info:    Checking defaults for OT1/cmr/m/n on input line 28.
LaTeX Font Info:    ... okay on input line 28.
LaTeX Font Info:    Checking defaults for T1/cmr/m/n on input line 28.
LaTeX Font Info:    ... okay on input line 28.
LaTeX Font Info:    Checking defaults for TS1/cmr/m/n on input line 28.
LaTeX Font Info:    ... okay on input line 28.
LaTeX Font Info:    Checking defaults for OMX/cmex/m/n on input line 28.
LaTeX Font Info:    ... okay on input line 28.
LaTeX Font Info:    Checking defaults for U/cmr/m/n on input line 28.
LaTeX Font Info:    ... okay on input line 28.
LaTeX Font Info:    Checking defaults for PD1/pdf/m/n on input line 28.
LaTeX Font Info:    ... okay on input line 28.
Package caption Info: Begin \AtBeginDocument code.
Package caption Info: subfig package v1.3 is loaded.
Package caption Info: hyperref package is loaded.
Package caption Info: End \AtBeginDocument code.

*geometry* driver: auto-detecting
*geometry* detected driver: pdftex
*geometry* verbose mode - [ preamble ] result:
* driver: pdftex
* paper: letterpaper
* layout: <same size as paper>
* layoutoffset:(h,v)=(0.0pt,0.0pt)
* modes: 
* h-part:(L,W,R)=(85.35826pt, 472.03123pt, 56.9055pt)
* v-part:(T,H,B)=(85.35826pt, 652.70622pt, 56.9055pt)
* \paperwidth=614.295pt
* \paperheight=794.96999pt
* \textwidth=472.03123pt
* \textheight=652.70622pt
* \oddsidemargin=13.08827pt
* \evensidemargin=13.08827pt
* \topmargin=-23.91173pt
* \headheight=12.0pt
* \headsep=25.0pt
* \topskip=10.0pt
* \footskip=30.0pt
* \marginparwidth=49.79231pt
* \marginparsep=11.0pt
* \columnsep=10.0pt
* \skip\footins=9.0pt plus 4.0pt minus 2.0pt
* \hoffset=0.0pt
* \voffset=0.0pt
* \mag=1000
* \@twocolumnfalse
* \@twosidefalse
* \@mparswitchfalse
* \@reversemarginfalse
* (1in=72.27pt=25.4mm, 1cm=28.453pt)

(/usr/share/texlive/texmf-dist/tex/context/base/mkii/supp-pdf.mkii
[Loading MPS to PDF converter (version 2006.09.02).]
\scratchcounter=\count279
\scratchdimen=\dimen167
\scratchbox=\box48
\nofMPsegments=\count280
\nofMParguments=\count281
\everyMPshowfont=\toks21
\MPscratchCnt=\count282
\MPscratchDim=\dimen168
\MPnumerator=\count283
\makeMPintoPDFobject=\count284
\everyMPtoPDFconversion=\toks22
) (/usr/share/texlive/texmf-dist/tex/latex/epstopdf-pkg/epstopdf-base.sty
Package: epstopdf-base 2020-01-24 v2.11 Base part for package epstopdf
Package epstopdf-base Info: Redefining graphics rule for `.eps' on input line 4
85.

(/usr/share/texlive/texmf-dist/tex/latex/latexconfig/epstopdf-sys.cfg
File: epstopdf-sys.cfg 2010/07/13 v1.3 Configuration of (r)epstopdf for TeX Liv
e
))
\AtBeginShipoutBox=\box49

(/usr/share/texlive/texmf-dist/tex/latex/graphics/color.sty
Package: color 2019/11/23 v1.2a Standard LaTeX Color (DPC)

(/usr/share/texlive/texmf-dist/tex/latex/graphics-cfg/color.cfg
File: color.cfg 2016/01/02 v1.6 sample color configuration
)
Package color Info: Driver file: pdftex.def on input line 147.
)
Package hyperref Info: Link coloring ON on input line 28.

(/usr/share/texlive/texmf-dist/tex/latex/hyperref/nameref.sty
Package: nameref 2019/09/16 v2.46 Cross-referencing by name of section

(/usr/share/texlive/texmf-dist/tex/latex/refcount/refcount.sty
Package: refcount 2019/12/15 v3.6 Data extraction from label references (HO)
)
(/usr/share/texlive/texmf-dist/tex/generic/gettitlestring/gettitlestring.sty
Package: gettitlestring 2019/12/15 v1.6 Cleanup title references (HO)
)
\c@section@level=\count285
)
LaTeX Info: Redefining \ref on input line 28.
LaTeX Info: Redefining \pageref on input line 28.
LaTeX Info: Redefining \nameref on input line 28.

(./main.out) (./main.out)
\@outlinefile=\write3
\openout3 = `main.out'.

 [1

{/var/lib/texmf/fonts/map/pdftex/updmap/pdftex.map}] (./main.toc)
\tf@toc=\write4
\openout4 = `main.toc'.

 [2]
<./img/Parte 1.png, id=161, 943.1235pt x 489.62926pt>
File: ./img/Parte 1.png Graphic file (type png)
<use ./img/Parte 1.png>
Package pdftex.def Info: ./img/Parte 1.png  used on input line 47.
(pdftex.def)             Requested size: 369.88582pt x 192.03047pt.
<./img/Parte 2.png, id=163, 951.555pt x 495.0495pt>
File: ./img/Parte 2.png Graphic file (type png)
<use ./img/Parte 2.png>
Package pdftex.def Info: ./img/Parte 2.png  used on input line 48.
(pdftex.def)             Requested size: 369.88582pt x 192.43399pt.
<./img/Parte 3.png, id=164, 926.2605pt x 491.436pt>
File: ./img/Parte 3.png Graphic file (type png)
<use ./img/Parte 3.png>
Package pdftex.def Info: ./img/Parte 3.png  used on input line 49.
(pdftex.def)             Requested size: 369.88582pt x 196.24097pt.
 [3 <./img/Parte 1.png> <./img/Parte 2.png> <./img/Parte 3.png>]
<./img/mapaGuaruja.png, id=172, 462.528pt x 462.528pt>
File: ./img/mapaGuaruja.png Graphic file (type png)
<use ./img/mapaGuaruja.png>
Package pdftex.def Info: ./img/mapaGuaruja.png  used on input line 60.
(pdftex.def)             Requested size: 170.71652pt x 170.71628pt.
<./img/mapaInglaterra.png, id=173, 454.69875pt x 454.69875pt>
File: ./img/mapaInglaterra.png Graphic file (type png)
<use ./img/mapaInglaterra.png>
Package pdftex.def Info: ./img/mapaInglaterra.png  used on input line 63.
(pdftex.def)             Requested size: 170.71652pt x 170.71974pt.

Overfull \hbox (3.71951pt too wide) in paragraph at lines 75--76
[] \OT1/cmr/m/n/10 Os dados s~ao recebidos como um JSON, depois s~ao filtrados 
para conter apenas as informa^^Xc~oes necess^^Sarias
 []

[4 <./img/mapaGuaruja.png> <./img/mapaInglaterra.png>]
<./img/BPlaca1.png, id=185, 43.66313pt x 58.71938pt>
File: ./img/BPlaca1.png Graphic file (type png)
<use ./img/BPlaca1.png>
Package pdftex.def Info: ./img/BPlaca1.png  used on input line 89.
(pdftex.def)             Requested size: 42.67912pt x 57.39941pt.
<./img/BPlaca2.png, id=186, 55.70813pt x 73.77562pt>
File: ./img/BPlaca2.png Graphic file (type png)
<use ./img/BPlaca2.png>
Package pdftex.def Info: ./img/BPlaca2.png  used on input line 90.
(pdftex.def)             Requested size: 42.67912pt x 56.52145pt.
<./img/BPlaca3.png, id=187, 31.61812pt x 42.1575pt>
File: ./img/BPlaca3.png Graphic file (type png)
<use ./img/BPlaca3.png>
Package pdftex.def Info: ./img/BPlaca3.png  used on input line 91.
(pdftex.def)             Requested size: 42.67912pt x 56.90692pt.
<./img/BPlaca4.png, id=188, 37.64063pt x 49.68562pt>
File: ./img/BPlaca4.png Graphic file (type png)
<use ./img/BPlaca4.png>
Package pdftex.def Info: ./img/BPlaca4.png  used on input line 92.
(pdftex.def)             Requested size: 42.67912pt x 56.34196pt.
<./img/BPlaca5.png, id=189, 48.18pt x 64.74188pt>
File: ./img/BPlaca5.png Graphic file (type png)
<use ./img/BPlaca5.png>
Package pdftex.def Info: ./img/BPlaca5.png  used on input line 93.
(pdftex.def)             Requested size: 42.67912pt x 57.3494pt.
<./img/BPlaca6.png, id=190, 39.14626pt x 51.94406pt>
File: ./img/BPlaca6.png Graphic file (type png)
<use ./img/BPlaca6.png>
Package pdftex.def Info: ./img/BPlaca6.png  used on input line 94.
(pdftex.def)             Requested size: 42.67912pt x 56.63374pt.
<./img/BPlaca7.png, id=191, 31.61812pt x 42.1575pt>
File: ./img/BPlaca7.png Graphic file (type png)
<use ./img/BPlaca7.png>
Package pdftex.def Info: ./img/BPlaca7.png  used on input line 95.
(pdftex.def)             Requested size: 42.67912pt x 56.90692pt.
<./img/BPlaca8.png, id=192, 119.2455pt x 158.39175pt>
File: ./img/BPlaca8.png Graphic file (type png)
<use ./img/BPlaca8.png>
Package pdftex.def Info: ./img/BPlaca8.png  used on input line 96.
(pdftex.def)             Requested size: 42.67912pt x 56.68987pt.
<./img/grafico_distancia_acumulada.png, id=193, 548.0475pt x 449.88075pt>
File: ./img/grafico_distancia_acumulada.png Graphic file (type png)
<use ./img/grafico_distancia_acumulada.png>
Package pdftex.def Info: ./img/grafico_distancia_acumulada.png  used on input l
ine 107.
(pdftex.def)             Requested size: 227.62204pt x 186.85492pt.
<./img/grafico_distancia_acumulada_zoom.png, id=194, 564.30824pt x 456.5055pt>
File: ./img/grafico_distancia_acumulada_zoom.png Graphic file (type png)
<use ./img/grafico_distancia_acumulada_zoom.png>
Package pdftex.def Info: ./img/grafico_distancia_acumulada_zoom.png  used on in
put line 108.
(pdftex.def)             Requested size: 227.62204pt x 184.13838pt.
 [5 <./img/BPlaca1.png> <./img/BPlaca2.png> <./img/BPlaca3.png> <./img/BPlaca4.
png> <./img/BPlaca5.png> <./img/BPlaca6.png> <./img/BPlaca7.png> <./img/BPlaca8
.png> <./img/grafico_distancia_acumulada.png> <./img/grafico_distancia_acumulad
a_zoom.png>]
<./img/grafico_velocidade_br.png, id=213, 591.4095pt x 443.85825pt>
File: ./img/grafico_velocidade_br.png Graphic file (type png)
<use ./img/grafico_velocidade_br.png>
Package pdftex.def Info: ./img/grafico_velocidade_br.png  used on input line 13
6.
(pdftex.def)             Requested size: 227.62204pt x 170.82837pt.
<./img/grafico_velocidade_br_zoom.png, id=214, 622.12425pt x 466.74374pt>
File: ./img/grafico_velocidade_br_zoom.png Graphic file (type png)
<use ./img/grafico_velocidade_br_zoom.png>
Package pdftex.def Info: ./img/grafico_velocidade_br_zoom.png  used on input li
ne 137.
(pdftex.def)             Requested size: 227.62204pt x 170.76956pt.
<./img/IPlaca1.png, id=215, 16.56187pt x 21.83156pt>
File: ./img/IPlaca1.png Graphic file (type png)
<use ./img/IPlaca1.png>
Package pdftex.def Info: ./img/IPlaca1.png  used on input line 151.
(pdftex.def)             Requested size: 42.67912pt x 56.26967pt.
<./img/IPlaca2.png, id=216, 49.68562pt x 67.0003pt>
File: ./img/IPlaca2.png Graphic file (type png)
<use ./img/IPlaca2.png>
Package pdftex.def Info: ./img/IPlaca2.png  used on input line 152.
(pdftex.def)             Requested size: 42.67912pt x 57.55368pt.
<./img/IPlaca3.png, id=217, 23.33719pt x 31.61812pt>
File: ./img/IPlaca3.png Graphic file (type png)
<use ./img/IPlaca3.png>
Package pdftex.def Info: ./img/IPlaca3.png  used on input line 153.
(pdftex.def)             Requested size: 42.67912pt x 57.82582pt.
<./img/IPlaca4.png, id=218, 53.44969pt x 70.76437pt>
File: ./img/IPlaca4.png Graphic file (type png)
<use ./img/IPlaca4.png>
Package pdftex.def Info: ./img/IPlaca4.png  used on input line 154.
(pdftex.def)             Requested size: 42.67912pt x 56.50467pt.
<./img/IPlaca5.png, id=219, 40.65187pt x 54.2025pt>
File: ./img/IPlaca5.png Graphic file (type png)
<use ./img/IPlaca5.png>
Package pdftex.def Info: ./img/IPlaca5.png  used on input line 155.
(pdftex.def)             Requested size: 42.67912pt x 56.91016pt.
<./img/IPlaca6.png, id=220, 28.60687pt x 37.64063pt>
File: ./img/IPlaca6.png Graphic file (type png)
<use ./img/IPlaca6.png>
Package pdftex.def Info: ./img/IPlaca6.png  used on input line 156.
(pdftex.def)             Requested size: 42.67912pt x 56.15924pt.
<./img/IPlaca7.png, id=221, 25.59563pt x 34.62938pt>
File: ./img/IPlaca7.png Graphic file (type png)
<use ./img/IPlaca7.png>
Package pdftex.def Info: ./img/IPlaca7.png  used on input line 157.
(pdftex.def)             Requested size: 42.67912pt x 57.74628pt.
<./img/IPlaca8.png, id=222, 27.85406pt x 37.64063pt>
File: ./img/IPlaca8.png Graphic file (type png)
<use ./img/IPlaca8.png>
Package pdftex.def Info: ./img/IPlaca8.png  used on input line 158.
(pdftex.def)             Requested size: 42.67912pt x 57.67897pt.
<./img/IPlaca9.png, id=223, 48.93282pt x 65.49469pt>
File: ./img/IPlaca9.png Graphic file (type png)
<use ./img/IPlaca9.png>
Package pdftex.def Info: ./img/IPlaca9.png  used on input line 159.
(pdftex.def)             Requested size: 42.67912pt x 57.12779pt.
<./img/grafico_distancia_acumulada_uk.png, id=224, 651.6345pt x 519.1395pt>
File: ./img/grafico_distancia_acumulada_uk.png Graphic file (type png)
<use ./img/grafico_distancia_acumulada_uk.png>
Package pdftex.def Info: ./img/grafico_distancia_acumulada_uk.png  used on inpu
t line 187.
(pdftex.def)             Requested size: 199.16928pt x 158.67397pt.
<./img/grafico_distancia_acumulada_uk_zoom.png, id=225, 653.44125pt x 519.1395p
t>
File: ./img/grafico_distancia_acumulada_uk_zoom.png Graphic file (type png)
<use ./img/grafico_distancia_acumulada_uk_zoom.png>
Package pdftex.def Info: ./img/grafico_distancia_acumulada_uk_zoom.png  used on
 input line 188.
(pdftex.def)             Requested size: 199.16928pt x 158.23036pt.
<./img/grafico_velocidade_uk.png, id=226, 714.87074pt x 539.01375pt>
File: ./img/grafico_velocidade_uk.png Graphic file (type png)
<use ./img/grafico_velocidade_uk.png>
Package pdftex.def Info: ./img/grafico_velocidade_uk.png  used on input line 19
1.
(pdftex.def)             Requested size: 199.16928pt x 150.17436pt.
<./img/grafico_velocidade_uk_zoom.png, id=227, 708.84825pt x 534.798pt>
File: ./img/grafico_velocidade_uk_zoom.png Graphic file (type png)
<use ./img/grafico_velocidade_uk_zoom.png>
Package pdftex.def Info: ./img/grafico_velocidade_uk_zoom.png  used on input li
ne 192.
(pdftex.def)             Requested size: 199.16928pt x 150.26468pt.


LaTeX Warning: `!h' float specifier changed to `!ht'.

[6 <./img/grafico_velocidade_br.png> <./img/grafico_velocidade_br_zoom.png> <./
img/IPlaca1.png> <./img/IPlaca2.png> <./img/IPlaca3.png> <./img/IPlaca4.png> <.
/img/IPlaca5.png> <./img/IPlaca6.png> <./img/IPlaca7.png> <./img/IPlaca8.png> <
./img/IPlaca9.png>] [7 <./img/grafico_distancia_acumulada_uk.png> <./img/grafic
o_distancia_acumulada_uk_zoom.png> <./img/grafico_velocidade_uk.png> <./img/gra
fico_velocidade_uk_zoom.png>]
<./img/tabelas_bloco_rampa.png, id=262, 1096.095pt x 353.52075pt>
File: ./img/tabelas_bloco_rampa.png Graphic file (type png)
<use ./img/tabelas_bloco_rampa.png>
Package pdftex.def Info: ./img/tabelas_bloco_rampa.png  used on input line 232.

(pdftex.def)             Requested size: 455.24408pt x 146.83244pt.

Overfull \hbox (0.16414pt too wide) in paragraph at lines 236--237
\OT1/cmr/m/n/10 velocidade e acelera^^Xc~ao inicial do bloco, o ^angulo da ramp
a, posi^^Xc~ao inicial, tempo inicial e final do experimento
 []

<./img/tabelas_movimento_circular.png, id=263, 1025.0295pt x 552.8655pt>
File: ./img/tabelas_movimento_circular.png Graphic file (type png)
<use ./img/tabelas_movimento_circular.png>
Package pdftex.def Info: ./img/tabelas_movimento_circular.png  used on input li
ne 246.
(pdftex.def)             Requested size: 455.24408pt x 245.54773pt.

LaTeX Warning: `!h' float specifier changed to `!ht'.

<./img/bloco_rampa_1.png, id=264, 383.63326pt x 287.27325pt>
File: ./img/bloco_rampa_1.png Graphic file (type png)
<use ./img/bloco_rampa_1.png>
Package pdftex.def Info: ./img/bloco_rampa_1.png  used on input line 262.
(pdftex.def)             Requested size: 149.37697pt x 111.85638pt.
<./img/bloco_rampa_2.png, id=265, 383.63326pt x 287.27325pt>
File: ./img/bloco_rampa_2.png Graphic file (type png)
<use ./img/bloco_rampa_2.png>
Package pdftex.def Info: ./img/bloco_rampa_2.png  used on input line 263.
(pdftex.def)             Requested size: 149.37697pt x 111.85638pt.
<./img/bloco_rampa_4.png, id=266, 383.031pt x 287.27325pt>
File: ./img/bloco_rampa_4.png Graphic file (type png)
<use ./img/bloco_rampa_4.png>
Package pdftex.def Info: ./img/bloco_rampa_4.png  used on input line 264.
(pdftex.def)             Requested size: 149.37697pt x 112.03612pt.
<./img/bloco_rampa_8.png, id=267, 383.031pt x 289.68225pt>
File: ./img/bloco_rampa_8.png Graphic file (type png)
<use ./img/bloco_rampa_8.png>
Package pdftex.def Info: ./img/bloco_rampa_8.png  used on input line 265.
(pdftex.def)             Requested size: 149.37697pt x 112.97562pt.
<./img/bloco_rampa_11.png, id=268, 383.63326pt x 286.671pt>
File: ./img/bloco_rampa_11.png Graphic file (type png)
<use ./img/bloco_rampa_11.png>
Package pdftex.def Info: ./img/bloco_rampa_11.png  used on input line 266.
(pdftex.def)             Requested size: 149.37697pt x 111.62189pt.
[8 <./img/tabelas_bloco_rampa.png>]
<./img/movimento_circular_2.png, id=277, 462.528pt x 346.896pt>
File: ./img/movimento_circular_2.png Graphic file (type png)
<use ./img/movimento_circular_2.png>
Package pdftex.def Info: ./img/movimento_circular_2.png  used on input line 277
.
(pdftex.def)             Requested size: 149.37697pt x 112.03056pt.
<./img/movimento_circular_3.png, id=278, 462.528pt x 346.896pt>
File: ./img/movimento_circular_3.png Graphic file (type png)
<use ./img/movimento_circular_3.png>
Package pdftex.def Info: ./img/movimento_circular_3.png  used on input line 278
.
(pdftex.def)             Requested size: 149.37697pt x 112.03056pt.
<./img/movimento_circular_5.png, id=279, 462.528pt x 346.896pt>
File: ./img/movimento_circular_5.png Graphic file (type png)
<use ./img/movimento_circular_5.png>
Package pdftex.def Info: ./img/movimento_circular_5.png  used on input line 279
.
(pdftex.def)             Requested size: 149.37697pt x 112.03056pt.
<./img/movimento_circular_7.png, id=280, 462.528pt x 346.896pt>
File: ./img/movimento_circular_7.png Graphic file (type png)
<use ./img/movimento_circular_7.png>
Package pdftex.def Info: ./img/movimento_circular_7.png  used on input line 280
.
(pdftex.def)             Requested size: 149.37697pt x 112.03056pt.
<./img/movimento_circular_11.png, id=281, 462.528pt x 346.896pt>
File: ./img/movimento_circular_11.png Graphic file (type png)
<use ./img/movimento_circular_11.png>
Package pdftex.def Info: ./img/movimento_circular_11.png  used on input line 28
1.
(pdftex.def)             Requested size: 149.37697pt x 112.03056pt.
 [9 <./img/tabelas_movimento_circular.png> <./img/bloco_rampa_1.png> <./img/blo
co_rampa_2.png> <./img/bloco_rampa_4.png> <./img/bloco_rampa_8.png> <./img/bloc
o_rampa_11.png>] [10 <./img/movimento_circular_2.png> <./img/movimento_circular
_3.png> <./img/movimento_circular_5.png> <./img/movimento_circular_7.png> <./im
g/movimento_circular_11.png>]
Package atveryend Info: Empty hook `BeforeClearDocument' on input line 317.
 [11]
Package atveryend Info: Empty hook `AfterLastShipout' on input line 317.

(./main.aux)
Package atveryend Info: Executing hook `AtVeryEndDocument' on input line 317.
Package atveryend Info: Executing hook `AtEndAfterFileList' on input line 317.
Package rerunfilecheck Info: File `main.out' has not changed.
(rerunfilecheck)             Checksum: 017F2C6026CB0CDC21E4B31486797792;1897.
Package atveryend Info: Empty hook `AtVeryVeryEnd' on input line 317.
 ) 
Here is how much of TeX's memory you used:
 8453 strings out of 483183
 132530 string characters out of 5966292
 401899 words of memory out of 5000000
 23225 multiletter control sequences out of 15000+600000
 538496 words of font info for 46 fonts, out of 8000000 for 9000
 14 hyphenation exceptions out of 8191
 50i,10n,49p,672b,414s stack positions out of 5000i,500n,10000p,200000b,80000s
</usr/share/texlive/texmf-dist/fonts/type1/public/amsfonts/cm/cmbx10.pfb></us
r/share/texlive/texmf-dist/fonts/type1/public/amsfonts/cm/cmbx12.pfb></usr/shar
e/texlive/texmf-dist/fonts/type1/public/amsfonts/cm/cmbx9.pfb></usr/share/texli
ve/texmf-dist/fonts/type1/public/amsfonts/cm/cmr10.pfb></usr/share/texlive/texm
f-dist/fonts/type1/public/amsfonts/cm/cmr12.pfb></usr/share/texlive/texmf-dist/
fonts/type1/public/amsfonts/cm/cmr17.pfb></usr/share/texlive/texmf-dist/fonts/t
ype1/public/amsfonts/cm/cmr8.pfb></usr/share/texlive/texmf-dist/fonts/type1/pub
lic/amsfonts/cm/cmr9.pfb></usr/share/texlive/texmf-dist/fonts/type1/public/amsf
onts/cm/cmtt10.pfb>
Output written on main.pdf (11 pages, 1849060 bytes).
PDF statistics:
 366 PDF objects out of 1000 (max. 8388607)
 257 compressed objects within 3 object streams
 71 named destinations out of 1000 (max. 500000)
 435 words of extra memory for PDF output out of 10000 (max. 10000000)

